<?xml version="1.0" encoding="UTF-8"?>
<testng-results skipped="0" failed="0" ignored="0" total="2" passed="2">
  <reporter-output>
  </reporter-output>
  <suite name="Default suite" duration-ms="35251" started-at="2020-03-11T23:25:32Z" finished-at="2020-03-11T23:26:07Z">
    <groups>
    </groups>
    <test name="Default test" duration-ms="35251" started-at="2020-03-11T23:25:32Z" finished-at="2020-03-11T23:26:07Z">
      <class name="com.qa.testdata.SignOnPageTest">
        <test-method status="PASS" signature="setup()[pri:0, instance:com.qa.testdata.SignOnPageTest@11161c7]" name="setup" is-config="true" duration-ms="18348" started-at="2020-03-11T23:25:32Z" finished-at="2020-03-11T23:25:51Z">
          <reporter-output>
          </reporter-output>
        </test-method> <!-- setup -->
        <test-method status="PASS" signature="title()[pri:49, instance:com.qa.testdata.SignOnPageTest@11161c7]" name="title" duration-ms="24" started-at="2020-03-11T23:25:51Z" finished-at="2020-03-11T23:25:51Z">
          <reporter-output>
          </reporter-output>
        </test-method> <!-- title -->
        <test-method status="PASS" signature="setup()[pri:0, instance:com.qa.testdata.SignOnPageTest@11161c7]" name="setup" is-config="true" duration-ms="15545" started-at="2020-03-11T23:25:51Z" finished-at="2020-03-11T23:26:06Z">
          <reporter-output>
          </reporter-output>
        </test-method> <!-- setup -->
        <test-method status="PASS" signature="signinTest()[pri:50, instance:com.qa.testdata.SignOnPageTest@11161c7]" name="signinTest" duration-ms="1205" started-at="2020-03-11T23:26:06Z" finished-at="2020-03-11T23:26:07Z">
          <reporter-output>
          </reporter-output>
        </test-method> <!-- signinTest -->
      </class> <!-- com.qa.testdata.SignOnPageTest -->
    </test> <!-- Default test -->
  </suite> <!-- Default suite -->
</testng-results>
